mode: set
github.com/dhiaayachi/gravity-ai/internal/llm/claude.go:17.65,18.18 1 0
github.com/dhiaayachi/gravity-ai/internal/llm/claude.go:18.18,20.3 1 0
github.com/dhiaayachi/gravity-ai/internal/llm/claude.go:21.2,21.17 1 0
github.com/dhiaayachi/gravity-ai/internal/llm/claude.go:21.17,23.3 1 0
github.com/dhiaayachi/gravity-ai/internal/llm/claude.go:24.2,27.3 1 0
github.com/dhiaayachi/gravity-ai/internal/llm/claude.go:30.64,46.16 2 0
github.com/dhiaayachi/gravity-ai/internal/llm/claude.go:46.16,48.3 1 0
github.com/dhiaayachi/gravity-ai/internal/llm/claude.go:50.2,50.28 1 0
github.com/dhiaayachi/gravity-ai/internal/llm/claude.go:50.28,52.3 1 0
github.com/dhiaayachi/gravity-ai/internal/llm/claude.go:54.2,54.33 1 0
github.com/dhiaayachi/gravity-ai/internal/llm/claude.go:54.33,56.3 1 0
github.com/dhiaayachi/gravity-ai/internal/llm/claude.go:57.2,57.35 1 0
github.com/dhiaayachi/gravity-ai/internal/llm/claude.go:60.84,84.16 3 0
github.com/dhiaayachi/gravity-ai/internal/llm/claude.go:84.16,86.3 1 0
github.com/dhiaayachi/gravity-ai/internal/llm/claude.go:88.2,88.28 1 0
github.com/dhiaayachi/gravity-ai/internal/llm/claude.go:88.28,90.3 1 0
github.com/dhiaayachi/gravity-ai/internal/llm/claude.go:92.2,92.33 1 0
github.com/dhiaayachi/gravity-ai/internal/llm/claude.go:92.33,94.3 1 0
github.com/dhiaayachi/gravity-ai/internal/llm/claude.go:96.2,100.69 4 0
github.com/dhiaayachi/gravity-ai/internal/llm/claude.go:100.69,102.3 1 0
github.com/dhiaayachi/gravity-ai/internal/llm/claude.go:104.2,104.30 1 0
github.com/dhiaayachi/gravity-ai/internal/llm/claude.go:107.44,124.2 2 0
github.com/dhiaayachi/gravity-ai/internal/llm/client.go:13.47,19.2 5 1
github.com/dhiaayachi/gravity-ai/internal/llm/gemini.go:18.74,20.18 2 0
github.com/dhiaayachi/gravity-ai/internal/llm/gemini.go:20.18,22.3 1 0
github.com/dhiaayachi/gravity-ai/internal/llm/gemini.go:23.2,23.17 1 0
github.com/dhiaayachi/gravity-ai/internal/llm/gemini.go:23.17,25.3 1 0
github.com/dhiaayachi/gravity-ai/internal/llm/gemini.go:27.2,28.16 2 0
github.com/dhiaayachi/gravity-ai/internal/llm/gemini.go:28.16,30.3 1 0
github.com/dhiaayachi/gravity-ai/internal/llm/gemini.go:32.2,35.8 1 0
github.com/dhiaayachi/gravity-ai/internal/llm/gemini.go:38.64,43.16 4 0
github.com/dhiaayachi/gravity-ai/internal/llm/gemini.go:43.16,45.3 1 0
github.com/dhiaayachi/gravity-ai/internal/llm/gemini.go:47.2,47.34 1 0
github.com/dhiaayachi/gravity-ai/internal/llm/gemini.go:50.84,65.16 5 0
github.com/dhiaayachi/gravity-ai/internal/llm/gemini.go:65.16,67.3 1 0
github.com/dhiaayachi/gravity-ai/internal/llm/gemini.go:69.2,70.16 2 0
github.com/dhiaayachi/gravity-ai/internal/llm/gemini.go:70.16,72.3 1 0
github.com/dhiaayachi/gravity-ai/internal/llm/gemini.go:75.2,78.69 3 0
github.com/dhiaayachi/gravity-ai/internal/llm/gemini.go:78.69,80.3 1 0
github.com/dhiaayachi/gravity-ai/internal/llm/gemini.go:82.2,82.30 1 0
github.com/dhiaayachi/gravity-ai/internal/llm/gemini.go:85.44,94.16 3 0
github.com/dhiaayachi/gravity-ai/internal/llm/gemini.go:94.16,96.3 1 0
github.com/dhiaayachi/gravity-ai/internal/llm/gemini.go:97.2,97.12 1 0
github.com/dhiaayachi/gravity-ai/internal/llm/gemini.go:100.79,101.31 1 0
github.com/dhiaayachi/gravity-ai/internal/llm/gemini.go:101.31,103.3 1 0
github.com/dhiaayachi/gravity-ai/internal/llm/gemini.go:104.2,104.48 1 0
github.com/dhiaayachi/gravity-ai/internal/llm/gemini.go:104.48,106.3 1 0
github.com/dhiaayachi/gravity-ai/internal/llm/gemini.go:109.2,109.69 1 0
github.com/dhiaayachi/gravity-ai/internal/llm/gemini.go:109.69,111.3 1 0
github.com/dhiaayachi/gravity-ai/internal/llm/gemini.go:112.2,112.56 1 0
github.com/dhiaayachi/gravity-ai/internal/llm/ollama.go:18.72,19.16 1 0
github.com/dhiaayachi/gravity-ai/internal/llm/ollama.go:19.16,21.3 1 0
github.com/dhiaayachi/gravity-ai/internal/llm/ollama.go:22.2,22.17 1 0
github.com/dhiaayachi/gravity-ai/internal/llm/ollama.go:22.17,24.3 1 0
github.com/dhiaayachi/gravity-ai/internal/llm/ollama.go:26.2,27.16 2 0
github.com/dhiaayachi/gravity-ai/internal/llm/ollama.go:27.16,29.3 1 0
github.com/dhiaayachi/gravity-ai/internal/llm/ollama.go:31.2,35.8 2 0
github.com/dhiaayachi/gravity-ai/internal/llm/ollama.go:38.64,48.46 5 0
github.com/dhiaayachi/gravity-ai/internal/llm/ollama.go:48.46,51.3 2 0
github.com/dhiaayachi/gravity-ai/internal/llm/ollama.go:53.2,53.56 1 0
github.com/dhiaayachi/gravity-ai/internal/llm/ollama.go:53.56,55.3 1 0
github.com/dhiaayachi/gravity-ai/internal/llm/ollama.go:57.2,57.29 1 0
github.com/dhiaayachi/gravity-ai/internal/llm/ollama.go:60.84,81.46 7 0
github.com/dhiaayachi/gravity-ai/internal/llm/ollama.go:81.46,84.3 2 0
github.com/dhiaayachi/gravity-ai/internal/llm/ollama.go:86.2,86.56 1 0
github.com/dhiaayachi/gravity-ai/internal/llm/ollama.go:86.56,88.3 1 0
github.com/dhiaayachi/gravity-ai/internal/llm/ollama.go:90.2,91.77 2 0
github.com/dhiaayachi/gravity-ai/internal/llm/ollama.go:91.77,93.3 1 0
github.com/dhiaayachi/gravity-ai/internal/llm/ollama.go:95.2,95.30 1 0
github.com/dhiaayachi/gravity-ai/internal/llm/ollama.go:98.44,103.2 3 0
github.com/dhiaayachi/gravity-ai/internal/llm/openai.go:17.65,18.18 1 0
github.com/dhiaayachi/gravity-ai/internal/llm/openai.go:18.18,20.3 1 0
github.com/dhiaayachi/gravity-ai/internal/llm/openai.go:21.2,21.17 1 0
github.com/dhiaayachi/gravity-ai/internal/llm/openai.go:21.17,23.3 1 0
github.com/dhiaayachi/gravity-ai/internal/llm/openai.go:24.2,27.3 1 0
github.com/dhiaayachi/gravity-ai/internal/llm/openai.go:30.64,44.16 2 0
github.com/dhiaayachi/gravity-ai/internal/llm/openai.go:44.16,46.3 1 0
github.com/dhiaayachi/gravity-ai/internal/llm/openai.go:48.2,48.45 1 0
github.com/dhiaayachi/gravity-ai/internal/llm/openai.go:56.84,85.16 3 0
github.com/dhiaayachi/gravity-ai/internal/llm/openai.go:85.16,87.3 1 0
github.com/dhiaayachi/gravity-ai/internal/llm/openai.go:89.2,93.69 3 0
github.com/dhiaayachi/gravity-ai/internal/llm/openai.go:93.69,97.3 1 0
github.com/dhiaayachi/gravity-ai/internal/llm/openai.go:99.2,99.30 1 0
github.com/dhiaayachi/gravity-ai/internal/llm/openai.go:102.44,106.2 2 0
github.com/dhiaayachi/gravity-ai/internal/health/monitor.go:11.45,15.2 1 1
github.com/dhiaayachi/gravity-ai/internal/health/monitor.go:18.36,20.50 1 1
github.com/dhiaayachi/gravity-ai/internal/health/monitor.go:20.50,22.3 1 1
github.com/dhiaayachi/gravity-ai/internal/health/monitor.go:23.2,23.13 1 1
github.com/dhiaayachi/gravity-ai/internal/raft/fsm.go:40.33,45.2 1 1
github.com/dhiaayachi/gravity-ai/internal/raft/fsm.go:48.53,50.60 2 1
github.com/dhiaayachi/gravity-ai/internal/raft/fsm.go:50.60,52.3 1 0
github.com/dhiaayachi/gravity-ai/internal/raft/fsm.go:54.2,54.18 1 1
github.com/dhiaayachi/gravity-ai/internal/raft/fsm.go:55.35,57.57 2 1
github.com/dhiaayachi/gravity-ai/internal/raft/fsm.go:57.57,59.4 1 0
github.com/dhiaayachi/gravity-ai/internal/raft/fsm.go:60.3,60.40 1 1
github.com/dhiaayachi/gravity-ai/internal/raft/fsm.go:61.28,63.58 2 1
github.com/dhiaayachi/gravity-ai/internal/raft/fsm.go:63.58,65.4 1 0
github.com/dhiaayachi/gravity-ai/internal/raft/fsm.go:66.3,70.10 3 1
github.com/dhiaayachi/gravity-ai/internal/raft/fsm.go:71.65,71.65 0 1
github.com/dhiaayachi/gravity-ai/internal/raft/fsm.go:72.11,73.65 1 0
github.com/dhiaayachi/gravity-ai/internal/raft/fsm.go:76.31,78.60 2 1
github.com/dhiaayachi/gravity-ai/internal/raft/fsm.go:78.60,80.4 1 0
github.com/dhiaayachi/gravity-ai/internal/raft/fsm.go:81.3,87.10 5 1
github.com/dhiaayachi/gravity-ai/internal/raft/fsm.go:88.70,88.70 0 1
github.com/dhiaayachi/gravity-ai/internal/raft/fsm.go:89.11,89.11 0 0
github.com/dhiaayachi/gravity-ai/internal/raft/fsm.go:92.29,94.58 2 0
github.com/dhiaayachi/gravity-ai/internal/raft/fsm.go:94.58,96.4 1 0
github.com/dhiaayachi/gravity-ai/internal/raft/fsm.go:98.3,98.43 1 0
github.com/dhiaayachi/gravity-ai/internal/raft/fsm.go:98.43,104.11 4 0
github.com/dhiaayachi/gravity-ai/internal/raft/fsm.go:105.68,105.68 0 0
github.com/dhiaayachi/gravity-ai/internal/raft/fsm.go:106.12,106.12 0 0
github.com/dhiaayachi/gravity-ai/internal/raft/fsm.go:109.29,111.58 2 1
github.com/dhiaayachi/gravity-ai/internal/raft/fsm.go:111.58,113.4 1 0
github.com/dhiaayachi/gravity-ai/internal/raft/fsm.go:114.3,119.27 4 1
github.com/dhiaayachi/gravity-ai/internal/raft/fsm.go:119.27,120.33 1 1
github.com/dhiaayachi/gravity-ai/internal/raft/fsm.go:120.33,123.10 3 1
github.com/dhiaayachi/gravity-ai/internal/raft/fsm.go:126.3,126.13 1 1
github.com/dhiaayachi/gravity-ai/internal/raft/fsm.go:126.13,128.4 1 1
github.com/dhiaayachi/gravity-ai/internal/raft/fsm.go:130.3,133.10 2 1
github.com/dhiaayachi/gravity-ai/internal/raft/fsm.go:134.66,134.66 0 1
github.com/dhiaayachi/gravity-ai/internal/raft/fsm.go:135.11,135.11 0 0
github.com/dhiaayachi/gravity-ai/internal/raft/fsm.go:138.2,138.12 1 1
github.com/dhiaayachi/gravity-ai/internal/raft/fsm.go:142.52,145.56 2 1
github.com/dhiaayachi/gravity-ai/internal/raft/fsm.go:145.56,148.3 2 1
github.com/dhiaayachi/gravity-ai/internal/raft/fsm.go:150.2,151.50 2 1
github.com/dhiaayachi/gravity-ai/internal/raft/fsm.go:151.50,155.3 3 1
github.com/dhiaayachi/gravity-ai/internal/raft/fsm.go:159.2,162.8 1 1
github.com/dhiaayachi/gravity-ai/internal/raft/fsm.go:166.47,169.62 3 1
github.com/dhiaayachi/gravity-ai/internal/raft/fsm.go:169.62,171.3 1 0
github.com/dhiaayachi/gravity-ai/internal/raft/fsm.go:174.2,175.41 2 1
github.com/dhiaayachi/gravity-ai/internal/raft/fsm.go:175.41,177.3 1 1
github.com/dhiaayachi/gravity-ai/internal/raft/fsm.go:179.2,180.35 2 1
github.com/dhiaayachi/gravity-ai/internal/raft/fsm.go:180.35,182.3 1 1
github.com/dhiaayachi/gravity-ai/internal/raft/fsm.go:185.2,188.12 3 1
github.com/dhiaayachi/gravity-ai/internal/raft/fsm.go:214.61,215.22 1 1
github.com/dhiaayachi/gravity-ai/internal/raft/fsm.go:215.22,217.17 2 1
github.com/dhiaayachi/gravity-ai/internal/raft/fsm.go:217.17,219.4 1 0
github.com/dhiaayachi/gravity-ai/internal/raft/fsm.go:220.3,220.42 1 1
github.com/dhiaayachi/gravity-ai/internal/raft/fsm.go:220.42,222.4 1 0
github.com/dhiaayachi/gravity-ai/internal/raft/fsm.go:223.3,223.13 1 1
github.com/dhiaayachi/gravity-ai/internal/raft/fsm.go:225.2,225.16 1 1
github.com/dhiaayachi/gravity-ai/internal/raft/fsm.go:225.16,228.3 2 0
github.com/dhiaayachi/gravity-ai/internal/raft/fsm.go:229.2,229.21 1 1
github.com/dhiaayachi/gravity-ai/internal/raft/fsm.go:232.34,232.35 0 0
github.com/dhiaayachi/gravity-ai/internal/raft/node.go:31.52,40.55 4 0
github.com/dhiaayachi/gravity-ai/internal/raft/node.go:40.55,42.3 1 0
github.com/dhiaayachi/gravity-ai/internal/raft/node.go:44.2,45.16 2 0
github.com/dhiaayachi/gravity-ai/internal/raft/node.go:45.16,47.3 1 0
github.com/dhiaayachi/gravity-ai/internal/raft/node.go:49.2,50.16 2 0
github.com/dhiaayachi/gravity-ai/internal/raft/node.go:50.16,52.3 1 0
github.com/dhiaayachi/gravity-ai/internal/raft/node.go:54.2,55.16 2 0
github.com/dhiaayachi/gravity-ai/internal/raft/node.go:55.16,57.3 1 0
github.com/dhiaayachi/gravity-ai/internal/raft/node.go:60.2,61.16 2 0
github.com/dhiaayachi/gravity-ai/internal/raft/node.go:61.16,63.3 1 0
github.com/dhiaayachi/gravity-ai/internal/raft/node.go:64.2,65.16 2 0
github.com/dhiaayachi/gravity-ai/internal/raft/node.go:65.16,67.3 1 0
github.com/dhiaayachi/gravity-ai/internal/raft/node.go:69.2,73.16 3 0
github.com/dhiaayachi/gravity-ai/internal/raft/node.go:73.16,75.3 1 0
github.com/dhiaayachi/gravity-ai/internal/raft/node.go:78.2,78.19 1 0
github.com/dhiaayachi/gravity-ai/internal/raft/node.go:78.19,88.3 2 0
github.com/dhiaayachi/gravity-ai/internal/raft/node.go:90.2,97.8 1 0
github.com/dhiaayachi/gravity-ai/internal/raft/node.go:100.35,102.34 2 0
github.com/dhiaayachi/gravity-ai/internal/raft/node.go:102.34,104.3 1 0
github.com/dhiaayachi/gravity-ai/internal/raft/node.go:106.2,106.43 1 0
github.com/dhiaayachi/gravity-ai/internal/raft/node.go:106.43,108.3 1 0
github.com/dhiaayachi/gravity-ai/internal/raft/node.go:109.2,109.46 1 0
github.com/dhiaayachi/gravity-ai/internal/raft/node.go:109.46,111.3 1 0
github.com/dhiaayachi/gravity-ai/internal/raft/node.go:112.2,112.12 1 0
github.com/dhiaayachi/gravity-ai/internal/raft/transport.go:18.97,27.2 3 0
github.com/dhiaayachi/gravity-ai/internal/raft/transport.go:29.58,31.2 1 0
github.com/dhiaayachi/gravity-ai/internal/raft/transport.go:33.37,36.26 2 0
github.com/dhiaayachi/gravity-ai/internal/raft/transport.go:36.26,37.36 1 0
github.com/dhiaayachi/gravity-ai/internal/raft/transport.go:38.33,43.68 2 0
github.com/dhiaayachi/gravity-ai/internal/raft/transport.go:43.68,45.5 1 0
github.com/dhiaayachi/gravity-ai/internal/raft/transport.go:46.4,46.56 1 0
github.com/dhiaayachi/gravity-ai/internal/raft/transport.go:46.56,48.5 1 0
github.com/dhiaayachi/gravity-ai/internal/raft/transport.go:50.4,50.31 1 0
github.com/dhiaayachi/gravity-ai/internal/raft/transport.go:50.31,57.13 3 0
github.com/dhiaayachi/gravity-ai/internal/raft/transport.go:61.3,61.14 1 0
github.com/dhiaayachi/gravity-ai/internal/engine/engine.go:52.79,55.2 2 0
github.com/dhiaayachi/gravity-ai/internal/engine/engine.go:61.47,63.2 1 0
github.com/dhiaayachi/gravity-ai/internal/engine/engine.go:65.55,67.2 1 0
github.com/dhiaayachi/gravity-ai/internal/engine/engine.go:69.61,71.36 2 0
github.com/dhiaayachi/gravity-ai/internal/engine/engine.go:71.36,73.3 1 0
github.com/dhiaayachi/gravity-ai/internal/engine/engine.go:74.2,74.46 1 0
github.com/dhiaayachi/gravity-ai/internal/engine/engine.go:84.69,85.9 1 0
github.com/dhiaayachi/gravity-ai/internal/engine/engine.go:86.28,87.19 1 0
github.com/dhiaayachi/gravity-ai/internal/engine/engine.go:88.20,89.24 1 0
github.com/dhiaayachi/gravity-ai/internal/engine/engine.go:93.94,103.2 1 0
github.com/dhiaayachi/gravity-ai/internal/engine/engine.go:106.57,108.2 1 1
github.com/dhiaayachi/gravity-ai/internal/engine/engine.go:111.54,113.2 1 1
github.com/dhiaayachi/gravity-ai/internal/engine/engine.go:116.84,117.32 1 1
github.com/dhiaayachi/gravity-ai/internal/engine/engine.go:117.32,119.3 1 1
github.com/dhiaayachi/gravity-ai/internal/engine/engine.go:121.2,135.16 6 1
github.com/dhiaayachi/gravity-ai/internal/engine/engine.go:135.16,138.3 2 0
github.com/dhiaayachi/gravity-ai/internal/engine/engine.go:140.2,146.16 3 1
github.com/dhiaayachi/gravity-ai/internal/engine/engine.go:146.16,149.3 2 0
github.com/dhiaayachi/gravity-ai/internal/engine/engine.go:151.2,151.64 1 1
github.com/dhiaayachi/gravity-ai/internal/engine/engine.go:151.64,154.3 2 0
github.com/dhiaayachi/gravity-ai/internal/engine/engine.go:156.2,159.8 1 1
github.com/dhiaayachi/gravity-ai/internal/engine/engine.go:162.26,163.12 1 1
github.com/dhiaayachi/gravity-ai/internal/engine/engine.go:163.12,164.36 1 1
github.com/dhiaayachi/gravity-ai/internal/engine/engine.go:164.36,165.22 1 1
github.com/dhiaayachi/gravity-ai/internal/engine/engine.go:166.40,168.31 2 1
github.com/dhiaayachi/gravity-ai/internal/engine/engine.go:169.43,171.34 1 1
github.com/dhiaayachi/gravity-ai/internal/engine/engine.go:171.34,174.53 2 1
github.com/dhiaayachi/gravity-ai/internal/engine/engine.go:174.53,177.7 2 1
github.com/dhiaayachi/gravity-ai/internal/engine/engine.go:179.39,181.24 2 1
github.com/dhiaayachi/gravity-ai/internal/engine/engine.go:182.53,183.34 1 0
github.com/dhiaayachi/gravity-ai/internal/engine/engine.go:184.34,186.26 1 1
github.com/dhiaayachi/gravity-ai/internal/engine/engine.go:188.41,189.34 1 1
github.com/dhiaayachi/gravity-ai/internal/engine/engine.go:189.34,191.54 2 1
github.com/dhiaayachi/gravity-ai/internal/engine/engine.go:191.54,194.7 2 1
github.com/dhiaayachi/gravity-ai/internal/engine/engine.go:201.56,202.46 1 0
github.com/dhiaayachi/gravity-ai/internal/engine/engine.go:202.46,207.3 4 0
github.com/dhiaayachi/gravity-ai/internal/engine/engine.go:210.54,214.2 2 1
github.com/dhiaayachi/gravity-ai/internal/engine/engine.go:216.54,221.16 3 1
github.com/dhiaayachi/gravity-ai/internal/engine/engine.go:221.16,224.3 2 0
github.com/dhiaayachi/gravity-ai/internal/engine/engine.go:226.2,239.64 5 1
github.com/dhiaayachi/gravity-ai/internal/engine/engine.go:239.64,242.3 2 0
github.com/dhiaayachi/gravity-ai/internal/engine/engine.go:245.52,250.52 3 1
github.com/dhiaayachi/gravity-ai/internal/engine/engine.go:250.52,252.3 1 1
github.com/dhiaayachi/gravity-ai/internal/engine/engine.go:254.2,254.23 1 1
github.com/dhiaayachi/gravity-ai/internal/engine/engine.go:254.23,257.3 2 0
github.com/dhiaayachi/gravity-ai/internal/engine/engine.go:260.2,273.64 7 1
github.com/dhiaayachi/gravity-ai/internal/engine/engine.go:273.64,276.3 2 0
github.com/dhiaayachi/gravity-ai/internal/engine/engine.go:279.48,287.16 3 1
github.com/dhiaayachi/gravity-ai/internal/engine/engine.go:287.16,291.3 2 0
github.com/dhiaayachi/gravity-ai/internal/engine/engine.go:293.2,306.64 5 1
github.com/dhiaayachi/gravity-ai/internal/engine/engine.go:306.64,309.3 2 0
github.com/dhiaayachi/gravity-ai/internal/engine/engine.go:312.48,315.46 1 1
github.com/dhiaayachi/gravity-ai/internal/engine/engine.go:315.46,317.95 2 1
github.com/dhiaayachi/gravity-ai/internal/engine/engine.go:317.95,319.4 1 0
github.com/dhiaayachi/gravity-ai/internal/engine/engine.go:322.2,323.50 2 1
github.com/dhiaayachi/gravity-ai/internal/engine/engine.go:323.50,325.3 1 1
github.com/dhiaayachi/gravity-ai/internal/engine/engine.go:328.2,329.16 2 1
github.com/dhiaayachi/gravity-ai/internal/engine/engine.go:329.16,332.3 2 0
github.com/dhiaayachi/gravity-ai/internal/engine/engine.go:333.2,333.22 1 1
github.com/dhiaayachi/gravity-ai/internal/engine/engine.go:333.22,335.3 1 0
github.com/dhiaayachi/gravity-ai/internal/engine/engine.go:338.2,342.26 4 1
github.com/dhiaayachi/gravity-ai/internal/engine/engine.go:342.26,343.17 1 1
github.com/dhiaayachi/gravity-ai/internal/engine/engine.go:343.17,345.4 1 1
github.com/dhiaayachi/gravity-ai/internal/engine/engine.go:345.9,347.4 1 1
github.com/dhiaayachi/gravity-ai/internal/engine/engine.go:350.2,352.24 2 1
github.com/dhiaayachi/gravity-ai/internal/engine/engine.go:352.24,356.3 2 1
github.com/dhiaayachi/gravity-ai/internal/engine/engine.go:356.8,356.31 1 1
github.com/dhiaayachi/gravity-ai/internal/engine/engine.go:356.31,360.3 2 1
github.com/dhiaayachi/gravity-ai/internal/engine/engine.go:360.8,363.3 1 1
github.com/dhiaayachi/gravity-ai/internal/engine/engine.go:366.2,375.41 6 1
